<?xml version="1.0" encoding="UTF-8"?>
<Site BuildName="(empty)"
	BuildStamp="20231024-0707-Experimental"
	Name="3d1f9a3019ad"
	Generator="ctest-3.22.1"
	CompilerName="/usr/bin/g++"
	CompilerVersion="11.4.0"
	OSName="Linux"
	Hostname="b976d6cc2474"
	OSRelease="6.2.0-35-generic"
	OSVersion="#35~22.04.1-Ubuntu SMP PREEMPT_DYNAMIC Fri Oct  6 10:23:26 UTC 2"
	OSPlatform="x86_64"
	Is64Bits="1"
	VendorString="GenuineIntel"
	VendorID="Intel Corporation"
	FamilyID="6"
	ModelID="186"
	ProcessorCacheSize="12288"
	NumberOfLogicalCPU="12"
	NumberOfPhysicalCPU="10"
	TotalVirtualMemory="2047"
	TotalPhysicalMemory="31734"
	LogicalProcessorsPerPhysical="1"
	ProcessorClockFrequency="2736.07"
	>
	<Testing>
		<StartDateTime>Oct 24 08:26 UTC</StartDateTime>
		<StartTestTime>1698136019</StartTestTime>
		<TestList/>
		<EndDateTime>Oct 24 08:26 UTC</EndDateTime>
		<EndTestTime>1698136019</EndTestTime>
		<ElapsedMinutes>0</ElapsedMinutes>
	</Testing>
</Site>
